Start testing: Dec 25 03:34 UTC
----------------------------------------------------------
1/3 Testing: GarbageTest.BasicAssertions
1/3 Test: GarbageTest.BasicAssertions
Command: "/home/my_proj/build/newtest" "--gtest_filter=GarbageTest.BasicAssertions" "--gtest_also_run_disabled_tests"
Directory: /home/my_proj/build
"GarbageTest.BasicAssertions" start time: Dec 25 03:34 UTC
Output:
----------------------------------------------------------
Running main() from /home/my_proj/build/_deps/googletest-src/googletest/src/gtest_main.cc
Note: Google Test filter = GarbageTest.BasicAssertions
[==========] Running 1 test from 1 test suite.
[----------] Global test environment set-up.
[----------] 1 test from GarbageTest
[ RUN      ] GarbageTest.BasicAssertions
[       OK ] GarbageTest.BasicAssertions (0 ms)
[----------] 1 test from GarbageTest (0 ms total)

[----------] Global test environment tear-down
[==========] 1 test from 1 test suite ran. (0 ms total)
[  PASSED  ] 1 test.
<end of output>
Test time =   0.02 sec
----------------------------------------------------------
Test Passed.
"GarbageTest.BasicAssertions" end time: Dec 25 03:34 UTC
"GarbageTest.BasicAssertions" time elapsed: 00:00:00
----------------------------------------------------------

2/3 Testing: MultTest.Assign
2/3 Test: MultTest.Assign
Command: "/home/my_proj/build/newtest" "--gtest_filter=MultTest.Assign" "--gtest_also_run_disabled_tests"
Directory: /home/my_proj/build
"MultTest.Assign" start time: Dec 25 03:34 UTC
Output:
----------------------------------------------------------
Running main() from /home/my_proj/build/_deps/googletest-src/googletest/src/gtest_main.cc
Note: Google Test filter = MultTest.Assign
[==========] Running 1 test from 1 test suite.
[----------] Global test environment set-up.
[----------] 1 test from MultTest
[ RUN      ] MultTest.Assign
[       OK ] MultTest.Assign (0 ms)
[----------] 1 test from MultTest (0 ms total)

[----------] Global test environment tear-down
[==========] 1 test from 1 test suite ran. (0 ms total)
[  PASSED  ] 1 test.
<end of output>
Test time =   0.02 sec
----------------------------------------------------------
Test Passed.
"MultTest.Assign" end time: Dec 25 03:34 UTC
"MultTest.Assign" time elapsed: 00:00:00
----------------------------------------------------------

3/3 Testing: MultTest.Mult
3/3 Test: MultTest.Mult
Command: "/home/my_proj/build/newtest" "--gtest_filter=MultTest.Mult" "--gtest_also_run_disabled_tests"
Directory: /home/my_proj/build
"MultTest.Mult" start time: Dec 25 03:34 UTC
Output:
----------------------------------------------------------
Running main() from /home/my_proj/build/_deps/googletest-src/googletest/src/gtest_main.cc
Note: Google Test filter = MultTest.Mult
[==========] Running 1 test from 1 test suite.
[----------] Global test environment set-up.
[----------] 1 test from MultTest
[ RUN      ] MultTest.Mult
unknown file: Failure
C++ exception with description "vector::_M_range_check: __n (which is 4294967295) >= this->size() (which is 2)" thrown in the test body.
[  FAILED  ] MultTest.Mult (1 ms)
[----------] 1 test from MultTest (1 ms total)

[----------] Global test environment tear-down
[==========] 1 test from 1 test suite ran. (1 ms total)
[  PASSED  ] 0 tests.
[  FAILED  ] 1 test, listed below:
[  FAILED  ] MultTest.Mult

 1 FAILED TEST
<end of output>
Test time =   0.02 sec
----------------------------------------------------------
Test Failed.
"MultTest.Mult" end time: Dec 25 03:34 UTC
"MultTest.Mult" time elapsed: 00:00:00
----------------------------------------------------------

End testing: Dec 25 03:34 UTC
